# JRE version: OpenJDK Runtime Environment Temurin-17.0.5+8 (17.0.5+8) (build 17.0.5+8)
# Java VM: OpenJDK 64-Bit Server VM Temurin-17.0.5+8 (17.0.5+8, mixed mode, emulated-client, tiered, compressed oops, compressed class ptrs, g1 gc, windows-amd64)
GC Precious Log:
 CPUs: 2 total, 2 available
 Memory: 8189M
 Large Page Support: Disabled
 NUMA Support: Disabled
 Compressed Oops: Enabled (32-bit)
 Heap Region Size: 1M
 Heap Min Capacity: 8M
 Heap Initial Capacity: 128M
 Heap Max Capacity: 2G
 Pre-touch: Disabled
 Parallel Workers: 2
 Concurrent Workers: 1
 Concurrent Refinement Workers: 2
 Periodic GC: Disabled
Heap:
 garbage-first heap   total 96256K, used 54943K [0x0000000080000000, 0x0000000100000000)
  region size 1024K, 35 young (35840K), 5 survivors (5120K)
 Metaspace       used 65098K, committed 65472K, reserved 1105920K
  class space    used 8723K, committed 8896K, reserved 1048576K
GC Heap History (20 events):
Event: 5.474 GC heap before
{Heap before GC invocations=11 (full 0):
 garbage-first heap   total 88064K, used 60228K [0x0000000080000000, 0x0000000100000000)
  region size 1024K, 50 young (51200K), 4 survivors (4096K)
 Metaspace       used 35810K, committed 36160K, reserved 1081344K
  class space    used 4488K, committed 4672K, reserved 1048576K
}
Event: 5.486 GC heap after
{Heap after GC invocations=12 (full 0):
 garbage-first heap   total 88064K, used 15656K [0x0000000080000000, 0x0000000100000000)
  region size 1024K, 5 young (5120K), 5 survivors (5120K)
 Metaspace       used 35810K, committed 36160K, reserved 1081344K
  class space    used 4488K, committed 4672K, reserved 1048576K
}
Event: 5.915 GC heap before
{Heap before GC invocations=13 (full 0):
 garbage-first heap   total 58368K, used 45352K [0x0000000080000000, 0x0000000100000000)
  region size 1024K, 34 young (34816K), 5 survivors (5120K)
 Metaspace       used 38414K, committed 38720K, reserved 1089536K
  class space    used 4864K, committed 4992K, reserved 1048576K
}
Event: 5.931 GC heap after
{Heap after GC invocations=14 (full 0):
 garbage-first heap   total 58368K, used 17672K [0x0000000080000000, 0x0000000100000000)
  region size 1024K, 4 young (4096K), 4 survivors (4096K)
 Metaspace       used 38414K, committed 38720K, reserved 1089536K
  class space    used 4864K, committed 4992K, reserved 1048576K
}
Event: 5.959 GC heap before
{Heap before GC invocations=14 (full 0):
 garbage-first heap   total 58368K, used 18696K [0x0000000080000000, 0x0000000100000000)
  region size 1024K, 5 young (5120K), 4 survivors (4096K)
 Metaspace       used 38543K, committed 38848K, reserved 1089536K
  class space    used 4878K, committed 4992K, reserved 1048576K
}
Event: 5.968 GC heap after
{Heap after GC invocations=15 (full 0):
 garbage-first heap   total 70656K, used 17794K [0x0000000080000000, 0x0000000100000000)
  region size 1024K, 1 young (1024K), 1 survivors (1024K)
 Metaspace       used 38543K, committed 38848K, reserved 1089536K
  class space    used 4878K, committed 4992K, reserved 1048576K
}
Event: 6.561 GC heap before
{Heap before GC invocations=15 (full 0):
 garbage-first heap   total 70656K, used 55682K [0x0000000080000000, 0x0000000100000000)
  region size 1024K, 38 young (38912K), 1 survivors (1024K)
 Metaspace       used 41722K, committed 42048K, reserved 1089536K
  class space    used 5211K, committed 5376K, reserved 1048576K
}
Event: 6.569 GC heap after
{Heap after GC invocations=16 (full 0):
 garbage-first heap   total 70656K, used 18755K [0x0000000080000000, 0x0000000100000000)
  region size 1024K, 2 young (2048K), 2 survivors (2048K)
 Metaspace       used 41722K, committed 42048K, reserved 1089536K
  class space    used 5211K, committed 5376K, reserved 1048576K
}
Event: 7.037 GC heap before
{Heap before GC invocations=16 (full 0):
 garbage-first heap   total 70656K, used 55619K [0x0000000080000000, 0x0000000100000000)
  region size 1024K, 38 young (38912K), 2 survivors (2048K)
 Metaspace       used 45374K, committed 45760K, reserved 1089536K
  class space    used 5641K, committed 5824K, reserved 1048576K
}
Event: 7.045 GC heap after
{Heap after GC invocations=17 (full 0):
 garbage-first heap   total 70656K, used 19585K [0x0000000080000000, 0x0000000100000000)
  region size 1024K, 3 young (3072K), 3 survivors (3072K)
 Metaspace       used 45374K, committed 45760K, reserved 1089536K
  class space    used 5641K, committed 5824K, reserved 1048576K
}
Event: 7.634 GC heap before
{Heap before GC invocations=17 (full 0):
 garbage-first heap   total 70656K, used 56449K [0x0000000080000000, 0x0000000100000000)
  region size 1024K, 39 young (39936K), 3 survivors (3072K)
 Metaspace       used 48969K, committed 49344K, reserved 1097728K
  class space    used 6313K, committed 6464K, reserved 1048576K
}
Event: 7.642 GC heap after
{Heap after GC invocations=18 (full 0):
 garbage-first heap   total 70656K, used 20083K [0x0000000080000000, 0x0000000100000000)
  region size 1024K, 3 young (3072K), 3 survivors (3072K)
 Metaspace       used 48969K, committed 49344K, reserved 1097728K
  class space    used 6313K, committed 6464K, reserved 1048576K
}
Event: 8.114 GC heap before
{Heap before GC invocations=18 (full 0):
 garbage-first heap   total 70656K, used 57971K [0x0000000080000000, 0x0000000100000000)
  region size 1024K, 40 young (40960K), 3 survivors (3072K)
 Metaspace       used 52876K, committed 53248K, reserved 1097728K
  class space    used 6849K, committed 6976K, reserved 1048576K
}
Event: 8.124 GC heap after
{Heap after GC invocations=19 (full 0):
 garbage-first heap   total 128000K, used 21200K [0x0000000080000000, 0x0000000100000000)
  region size 1024K, 3 young (3072K), 3 survivors (3072K)
 Metaspace       used 52876K, committed 53248K, reserved 1097728K
  class space    used 6849K, committed 6976K, reserved 1048576K
}
Event: 9.241 GC heap before
{Heap before GC invocations=19 (full 0):
 garbage-first heap   total 128000K, used 94928K [0x0000000080000000, 0x0000000100000000)
  region size 1024K, 75 young (76800K), 3 survivors (3072K)
 Metaspace       used 59189K, committed 59584K, reserved 1105920K
  class space    used 7852K, committed 8064K, reserved 1048576K
}
Event: 9.256 GC heap after
{Heap after GC invocations=20 (full 0):
 garbage-first heap   total 128000K, used 23212K [0x0000000080000000, 0x0000000100000000)
  region size 1024K, 5 young (5120K), 5 survivors (5120K)
 Metaspace       used 59189K, committed 59584K, reserved 1105920K
  class space    used 7852K, committed 8064K, reserved 1048576K
}
Event: 9.344 GC heap before
{Heap before GC invocations=20 (full 0):
 garbage-first heap   total 128000K, used 30380K [0x0000000080000000, 0x0000000100000000)
  region size 1024K, 13 young (13312K), 5 survivors (5120K)
 Metaspace       used 60059K, committed 60416K, reserved 1105920K
  class space    used 7937K, committed 8128K, reserved 1048576K
}
Event: 9.357 GC heap after
{Heap after GC invocations=21 (full 0):
 garbage-first heap   total 128000K, used 23509K [0x0000000080000000, 0x0000000100000000)
  region size 1024K, 5 young (5120K), 5 survivors (5120K)
 Metaspace       used 60059K, committed 60416K, reserved 1105920K
  class space    used 7937K, committed 8128K, reserved 1048576K
}
Event: 10.120 GC heap before
{Heap before GC invocations=22 (full 0):
 garbage-first heap   total 96256K, used 75733K [0x0000000080000000, 0x0000000100000000)
  region size 1024K, 56 young (57344K), 5 survivors (5120K)
 Metaspace       used 63447K, committed 63872K, reserved 1105920K
  class space    used 8494K, committed 8704K, reserved 1048576K
}
Event: 10.138 GC heap after
{Heap after GC invocations=23 (full 0):
 garbage-first heap   total 96256K, used 25247K [0x0000000080000000, 0x0000000100000000)
  region size 1024K, 5 young (5120K), 5 survivors (5120K)
 Metaspace       used 63447K, committed 63872K, reserved 1105920K
  class space    used 8494K, committed 8704K, reserved 1048576K
}

